Using pre-set license
Built from '2020.3/staging' branch; Version is '2020.3.6f1 (338bb68529b2) revision 3378102'; Using compiler version '192528614'; Build Type 'Release'
OS: 'Windows 10 Pro; OS build 19042.1052; Version 2009; 64bit' Language: 'es' Physical Memory: 16318 MB
BatchMode: 1, IsHumanControllingUs: 0, StartBugReporterOnCrash: 0, Is64bit: 1, IsPro: 0

 COMMAND LINE ARGUMENTS:
C:\Program Files\Unity\Hub\Editor\2020.3.6f1\Editor\Unity.exe
-adb2
-batchMode
-noUpm
-name
AssetImportWorker0
-projectPath
C:/Users/LUIS/Documents/JUEGOS/Roll a ball
-logFile
Logs/AssetImportWorker0.log
-srvPort
59043
Successfully changed project path to: C:/Users/LUIS/Documents/JUEGOS/Roll a ball
C:/Users/LUIS/Documents/JUEGOS/Roll a ball
Using Asset Import Pipeline V2.
Refreshing native plugins compatible for Editor in 22.10 ms, found 0 plugins.
Preloading 0 native plugins for Editor in 0.00 ms.
Initialize engine version: 2020.3.6f1 (338bb68529b2)
[Subsystems] Discovering subsystems at path C:/Program Files/Unity/Hub/Editor/2020.3.6f1/Editor/Data/Resources/UnitySubsystems
[Subsystems] Discovering subsystems at path C:/Users/LUIS/Documents/JUEGOS/Roll a ball/Assets
GfxDevice: creating device client; threaded=0
Direct3D:
    Version:  Direct3D 11.0 [level 11.1]
    Renderer: NVIDIA GeForce GTX 960 (ID=0x1401)
    Vendor:   
    VRAM:     2007 MB
    Driver:   27.21.14.6589
Initialize mono
Mono path[0] = 'C:/Program Files/Unity/Hub/Editor/2020.3.6f1/Editor/Data/Managed'
Mono path[1] = 'C:/Program Files/Unity/Hub/Editor/2020.3.6f1/Editor/Data/MonoBleedingEdge/lib/mono/unityjit'
Mono config path = 'C:/Program Files/Unity/Hub/Editor/2020.3.6f1/Editor/Data/MonoBleedingEdge/etc'
Using monoOptions --debugger-agent=transport=dt_socket,embedding=1,server=y,suspend=n,address=127.0.0.1:56896
Begin MonoManager ReloadAssembly
Registering precompiled unity dll's ...
Register platform support module: C:/Program Files/Unity/Hub/Editor/2020.3.6f1/Editor/Data/PlaybackEngines/WindowsStandaloneSupport/UnityEditor.WindowsStandalone.Extensions.dll
Registered in 0.002240 seconds.
Native extension for WindowsStandalone target not found
Refreshing native plugins compatible for Editor in 22.06 ms, found 0 plugins.
Preloading 0 native plugins for Editor in 0.00 ms.
Mono: successfully reloaded assembly
- Completed reload, in  1.660 seconds
Platform modules already initialized, skipping
Registering precompiled user dll's ...
Registered in 0.000704 seconds.
Begin MonoManager ReloadAssembly
Native extension for WindowsStandalone target not found
Refreshing native plugins compatible for Editor in 0.19 ms, found 0 plugins.
Preloading 0 native plugins for Editor in 0.00 ms.
Mono: successfully reloaded assembly
- Completed reload, in  0.753 seconds
Platform modules already initialized, skipping
========================================================================
Worker process is ready to serve import requests
Launched and connected shader compiler UnityShaderCompiler.exe after 0.04 seconds
Refreshing native plugins compatible for Editor in 0.21 ms, found 0 plugins.
Preloading 0 native plugins for Editor in 0.00 ms.
Unloading 1118 Unused Serialized files (Serialized files now loaded: 0)
System memory in use before: 57.4 MB.
System memory in use after: 57.5 MB.

Unloading 10 unused Assets to reduce memory usage. Loaded Objects now: 1562.
Total: 1.659300 ms (FindLiveObjects: 0.127800 ms CreateObjectMapping: 0.037500 ms MarkObjects: 1.419600 ms  DeleteObjects: 0.073500 ms)

========================================================================
Received Import Request.
  path: Assets/Prefabs/Coins.prefab
  artifactKey: Guid(f4c025d9279e75e48bfb706a3d3b234b) Importer(815301076,1909f56bfc062723c751e8b465ee728b)
Start importing Assets/Prefabs/Coins.prefab using Guid(f4c025d9279e75e48bfb706a3d3b234b) Importer(815301076,1909f56bfc062723c751e8b465ee728b)  -> (artifact id: '6bdb090860534cd7058d99dfcb3ce1d0') in 0.050490 seconds
  Import took 0.052195 seconds .

========================================================================
Received Import Request.
  Time since last request: 9.539583 seconds.
  path: ProjectSettings/TagManager.asset
  artifactKey: Guid(00000000000000003000000000000000) Importer(815301076,1909f56bfc062723c751e8b465ee728b)
Start importing ProjectSettings/TagManager.asset using Guid(00000000000000003000000000000000) Importer(815301076,1909f56bfc062723c751e8b465ee728b)  -> (artifact id: '689e89531da5655c6a887ed0ae32b684') in 0.008908 seconds
  Import took 0.010903 seconds .

========================================================================
Received Import Request.
  Time since last request: 12.745420 seconds.
  path: Assets/Prefabs/Coins.prefab
  artifactKey: Guid(f4c025d9279e75e48bfb706a3d3b234b) Importer(815301076,1909f56bfc062723c751e8b465ee728b)
Start importing Assets/Prefabs/Coins.prefab using Guid(f4c025d9279e75e48bfb706a3d3b234b) Importer(815301076,1909f56bfc062723c751e8b465ee728b)  -> (artifact id: '6cc19f947be58909d9885a0c848ffef0') in 0.003669 seconds
  Import took 0.005498 seconds .

========================================================================
Received Prepare
Registering precompiled user dll's ...
Registered in 0.000711 seconds.
Begin MonoManager ReloadAssembly
Native extension for WindowsStandalone target not found
Refreshing native plugins compatible for Editor in 0.19 ms, found 0 plugins.
Preloading 0 native plugins for Editor in 0.00 ms.
Mono: successfully reloaded assembly
- Completed reload, in  0.703 seconds
Platform modules already initialized, skipping
Refreshing native plugins compatible for Editor in 0.20 ms, found 0 plugins.
Preloading 0 native plugins for Editor in 0.00 ms.
Unloading 1113 Unused Serialized files (Serialized files now loaded: 0)
System memory in use before: 57.4 MB.
System memory in use after: 57.4 MB.

Unloading 6 unused Assets to reduce memory usage. Loaded Objects now: 1565.
Total: 1.546700 ms (FindLiveObjects: 0.125700 ms CreateObjectMapping: 0.030900 ms MarkObjects: 1.337100 ms  DeleteObjects: 0.051600 ms)

========================================================================
Received Import Request.
  Time since last request: 423.191491 seconds.
  path: Assets/Prefabs/Coins.prefab
  artifactKey: Guid(f4c025d9279e75e48bfb706a3d3b234b) Importer(815301076,1909f56bfc062723c751e8b465ee728b)
Start importing Assets/Prefabs/Coins.prefab using Guid(f4c025d9279e75e48bfb706a3d3b234b) Importer(815301076,1909f56bfc062723c751e8b465ee728b)  -> (artifact id: '5794e91839ebae5d76da043add449af3') in 0.082127 seconds
  Import took 0.084191 seconds .

========================================================================
Received Import Request.
  Time since last request: 480.656981 seconds.
  path: Assets/Prefabs/Coins.prefab
  artifactKey: Guid(f4c025d9279e75e48bfb706a3d3b234b) Importer(815301076,1909f56bfc062723c751e8b465ee728b)
Start importing Assets/Prefabs/Coins.prefab using Guid(f4c025d9279e75e48bfb706a3d3b234b) Importer(815301076,1909f56bfc062723c751e8b465ee728b)  -> (artifact id: '3fa22e43d511d2bc9a597b16c7801032') in 0.013197 seconds
  Import took 0.015571 seconds .

========================================================================
Received Prepare
Registering precompiled user dll's ...
Registered in 0.000808 seconds.
Begin MonoManager ReloadAssembly
Native extension for WindowsStandalone target not found
Refreshing native plugins compatible for Editor in 0.20 ms, found 0 plugins.
Preloading 0 native plugins for Editor in 0.00 ms.
Mono: successfully reloaded assembly
- Completed reload, in  0.715 seconds
Platform modules already initialized, skipping
Refreshing native plugins compatible for Editor in 0.20 ms, found 0 plugins.
Preloading 0 native plugins for Editor in 0.00 ms.
Unloading 1113 Unused Serialized files (Serialized files now loaded: 0)
System memory in use before: 60.5 MB.
System memory in use after: 60.6 MB.

Unloading 5 unused Assets to reduce memory usage. Loaded Objects now: 1576.
Total: 1.468300 ms (FindLiveObjects: 0.142400 ms CreateObjectMapping: 0.032600 ms MarkObjects: 1.248800 ms  DeleteObjects: 0.043300 ms)

========================================================================
Received Import Request.
  Time since last request: 108.710290 seconds.
  path: Assets/Prefabs/Coins.prefab
  artifactKey: Guid(f4c025d9279e75e48bfb706a3d3b234b) Importer(815301076,1909f56bfc062723c751e8b465ee728b)
Start importing Assets/Prefabs/Coins.prefab using Guid(f4c025d9279e75e48bfb706a3d3b234b) Importer(815301076,1909f56bfc062723c751e8b465ee728b)  -> (artifact id: '60e34b2bd8cc2e95145373a0564a0111') in 0.056719 seconds
  Import took 0.058631 seconds .

========================================================================
Received Import Request.
  Time since last request: 7.276855 seconds.
  path: Assets/Prefabs/Coins.prefab
  artifactKey: Guid(f4c025d9279e75e48bfb706a3d3b234b) Importer(815301076,1909f56bfc062723c751e8b465ee728b)
Start importing Assets/Prefabs/Coins.prefab using Guid(f4c025d9279e75e48bfb706a3d3b234b) Importer(815301076,1909f56bfc062723c751e8b465ee728b)  -> (artifact id: '9b0614ed234dd6fab5bcd5573db3426c') in 0.010520 seconds
  Import took 0.012454 seconds .

========================================================================
Received Import Request.
  Time since last request: 0.000773 seconds.
  path: Assets/Prefabs/Coins.prefab
  artifactKey: Guid(f4c025d9279e75e48bfb706a3d3b234b) Importer(815301076,1909f56bfc062723c751e8b465ee728b)
Start importing Assets/Prefabs/Coins.prefab using Guid(f4c025d9279e75e48bfb706a3d3b234b) Importer(815301076,1909f56bfc062723c751e8b465ee728b)  -> (artifact id: '9b0614ed234dd6fab5bcd5573db3426c') in 0.013895 seconds
  Import took 0.016060 seconds .

========================================================================
Received Prepare
Registering precompiled user dll's ...
Registered in 0.000678 seconds.
Begin MonoManager ReloadAssembly
Native extension for WindowsStandalone target not found
Refreshing native plugins compatible for Editor in 0.20 ms, found 0 plugins.
Preloading 0 native plugins for Editor in 0.00 ms.
Mono: successfully reloaded assembly
- Completed reload, in  0.731 seconds
Platform modules already initialized, skipping
Refreshing native plugins compatible for Editor in 0.19 ms, found 0 plugins.
Preloading 0 native plugins for Editor in 0.00 ms.
Unloading 1113 Unused Serialized files (Serialized files now loaded: 0)
System memory in use before: 60.5 MB.
System memory in use after: 60.6 MB.

Unloading 5 unused Assets to reduce memory usage. Loaded Objects now: 1580.
Total: 1.506300 ms (FindLiveObjects: 0.114100 ms CreateObjectMapping: 0.032000 ms MarkObjects: 1.314900 ms  DeleteObjects: 0.044200 ms)

========================================================================
Received Prepare
Registering precompiled user dll's ...
Registered in 0.000773 seconds.
Begin MonoManager ReloadAssembly
Native extension for WindowsStandalone target not found
Refreshing native plugins compatible for Editor in 0.30 ms, found 0 plugins.
Preloading 0 native plugins for Editor in 0.00 ms.
Mono: successfully reloaded assembly
- Completed reload, in  0.714 seconds
Platform modules already initialized, skipping
Refreshing native plugins compatible for Editor in 0.20 ms, found 0 plugins.
Preloading 0 native plugins for Editor in 0.00 ms.
Unloading 1113 Unused Serialized files (Serialized files now loaded: 0)
System memory in use before: 60.5 MB.
System memory in use after: 60.6 MB.

Unloading 5 unused Assets to reduce memory usage. Loaded Objects now: 1583.
Total: 1.803200 ms (FindLiveObjects: 0.323000 ms CreateObjectMapping: 0.043400 ms MarkObjects: 1.347600 ms  DeleteObjects: 0.087800 ms)

========================================================================
Received Import Request.
  Time since last request: 485.378129 seconds.
  path: Assets/Prefabs/Coins.prefab
  artifactKey: Guid(f4c025d9279e75e48bfb706a3d3b234b) Importer(815301076,1909f56bfc062723c751e8b465ee728b)
Start importing Assets/Prefabs/Coins.prefab using Guid(f4c025d9279e75e48bfb706a3d3b234b) Importer(815301076,1909f56bfc062723c751e8b465ee728b)  -> (artifact id: 'abec5076e9ae2a9d7b5f7b8dec0c1a57') in 0.059540 seconds
  Import took 0.061509 seconds .

========================================================================
Received Import Request.
  Time since last request: 8.395975 seconds.
  path: Assets/Prefabs/Coins.prefab
  artifactKey: Guid(f4c025d9279e75e48bfb706a3d3b234b) Importer(815301076,1909f56bfc062723c751e8b465ee728b)
Start importing Assets/Prefabs/Coins.prefab using Guid(f4c025d9279e75e48bfb706a3d3b234b) Importer(815301076,1909f56bfc062723c751e8b465ee728b)  -> (artifact id: '56047e2bf1dffa36a43d8cede35e90ac') in 0.014760 seconds
  Import took 0.016891 seconds .

AssetImportWorkerClient::OnTransportError - code=2 error=End of file
