Using pre-set license
Built from '2020.3/staging' branch; Version is '2020.3.6f1 (338bb68529b2) revision 3378102'; Using compiler version '192528614'; Build Type 'Release'
OS: 'Windows 10 Pro; OS build 19042.1052; Version 2009; 64bit' Language: 'es' Physical Memory: 16318 MB
BatchMode: 1, IsHumanControllingUs: 0, StartBugReporterOnCrash: 0, Is64bit: 1, IsPro: 0

 COMMAND LINE ARGUMENTS:
C:\Program Files\Unity\Hub\Editor\2020.3.6f1\Editor\Unity.exe
-adb2
-batchMode
-noUpm
-name
AssetImportWorker0
-projectPath
C:/Users/LUIS/Documents/JUEGOS/Roll a ball
-logFile
Logs/AssetImportWorker0.log
-srvPort
54300
Successfully changed project path to: C:/Users/LUIS/Documents/JUEGOS/Roll a ball
C:/Users/LUIS/Documents/JUEGOS/Roll a ball
Using Asset Import Pipeline V2.
Refreshing native plugins compatible for Editor in 22.32 ms, found 0 plugins.
Preloading 0 native plugins for Editor in 0.00 ms.
Initialize engine version: 2020.3.6f1 (338bb68529b2)
[Subsystems] Discovering subsystems at path C:/Program Files/Unity/Hub/Editor/2020.3.6f1/Editor/Data/Resources/UnitySubsystems
[Subsystems] Discovering subsystems at path C:/Users/LUIS/Documents/JUEGOS/Roll a ball/Assets
GfxDevice: creating device client; threaded=0
Direct3D:
    Version:  Direct3D 11.0 [level 11.1]
    Renderer: NVIDIA GeForce GTX 960 (ID=0x1401)
    Vendor:   
    VRAM:     2007 MB
    Driver:   27.21.14.6589
Initialize mono
Mono path[0] = 'C:/Program Files/Unity/Hub/Editor/2020.3.6f1/Editor/Data/Managed'
Mono path[1] = 'C:/Program Files/Unity/Hub/Editor/2020.3.6f1/Editor/Data/MonoBleedingEdge/lib/mono/unityjit'
Mono config path = 'C:/Program Files/Unity/Hub/Editor/2020.3.6f1/Editor/Data/MonoBleedingEdge/etc'
Using monoOptions --debugger-agent=transport=dt_socket,embedding=1,server=y,suspend=n,address=127.0.0.1:56372
Begin MonoManager ReloadAssembly
Registering precompiled unity dll's ...
Register platform support module: C:/Program Files/Unity/Hub/Editor/2020.3.6f1/Editor/Data/PlaybackEngines/WindowsStandaloneSupport/UnityEditor.WindowsStandalone.Extensions.dll
Registered in 0.002088 seconds.
Native extension for WindowsStandalone target not found
Refreshing native plugins compatible for Editor in 22.87 ms, found 0 plugins.
Preloading 0 native plugins for Editor in 0.00 ms.
Mono: successfully reloaded assembly
- Completed reload, in  1.779 seconds
Platform modules already initialized, skipping
Registering precompiled user dll's ...
Registered in 0.000707 seconds.
Begin MonoManager ReloadAssembly
Native extension for WindowsStandalone target not found
Refreshing native plugins compatible for Editor in 0.19 ms, found 0 plugins.
Preloading 0 native plugins for Editor in 0.00 ms.
Mono: successfully reloaded assembly
- Completed reload, in  0.745 seconds
Platform modules already initialized, skipping
========================================================================
Worker process is ready to serve import requests
Launched and connected shader compiler UnityShaderCompiler.exe after 0.05 seconds
Refreshing native plugins compatible for Editor in 0.22 ms, found 0 plugins.
Preloading 0 native plugins for Editor in 0.00 ms.
Unloading 1118 Unused Serialized files (Serialized files now loaded: 0)
System memory in use before: 57.5 MB.
System memory in use after: 57.5 MB.

Unloading 10 unused Assets to reduce memory usage. Loaded Objects now: 1562.
Total: 1.774300 ms (FindLiveObjects: 0.120500 ms CreateObjectMapping: 0.033500 ms MarkObjects: 1.542800 ms  DeleteObjects: 0.076300 ms)

========================================================================
Received Import Request.
  path: Assets/Material/Jugador.mat
  artifactKey: Guid(47ecaf1a91176ea4ba5a5906cb5828b1) Importer(815301076,1909f56bfc062723c751e8b465ee728b)
Start importing Assets/Material/Jugador.mat using Guid(47ecaf1a91176ea4ba5a5906cb5828b1) Importer(815301076,1909f56bfc062723c751e8b465ee728b)  -> (artifact id: 'b86bff461e86c56ff144c7e2643c7b37') in 0.106059 seconds
  Import took 0.107804 seconds .

========================================================================
Received Import Request.
  Time since last request: 45.477964 seconds.
  path: Assets/Prefabs/Obstaculos.prefab
  artifactKey: Guid(610f0287eb15b674797844c380ea70ee) Importer(815301076,1909f56bfc062723c751e8b465ee728b)
Start importing Assets/Prefabs/Obstaculos.prefab using Guid(610f0287eb15b674797844c380ea70ee) Importer(815301076,1909f56bfc062723c751e8b465ee728b)  -> (artifact id: '4145008628644cdfc149fe0660277139') in 0.026293 seconds
  Import took 0.028299 seconds .

========================================================================
Received Import Request.
  Time since last request: 0.003529 seconds.
  path: Assets/Prefabs/Obstaculos.prefab
  artifactKey: Guid(610f0287eb15b674797844c380ea70ee) Importer(815301076,1909f56bfc062723c751e8b465ee728b)
Start importing Assets/Prefabs/Obstaculos.prefab using Guid(610f0287eb15b674797844c380ea70ee) Importer(815301076,1909f56bfc062723c751e8b465ee728b)  -> (artifact id: '4145008628644cdfc149fe0660277139') in 0.010444 seconds
  Import took 0.012575 seconds .

========================================================================
Received Import Request.
  Time since last request: 8.738306 seconds.
  path: ProjectSettings/TagManager.asset
  artifactKey: Guid(00000000000000003000000000000000) Importer(815301076,1909f56bfc062723c751e8b465ee728b)
Start importing ProjectSettings/TagManager.asset using Guid(00000000000000003000000000000000) Importer(815301076,1909f56bfc062723c751e8b465ee728b)  -> (artifact id: '1c2a9496e35a565f386683a5265f3563') in 0.008251 seconds
  Import took 0.010166 seconds .

========================================================================
Received Import Request.
  Time since last request: 20.464009 seconds.
  path: Assets/Prefabs/Obstaculos.prefab
  artifactKey: Guid(610f0287eb15b674797844c380ea70ee) Importer(815301076,1909f56bfc062723c751e8b465ee728b)
Start importing Assets/Prefabs/Obstaculos.prefab using Guid(610f0287eb15b674797844c380ea70ee) Importer(815301076,1909f56bfc062723c751e8b465ee728b)  -> (artifact id: 'ac77fafb5622c867b043be3c37d7fb19') in 0.015421 seconds
  Import took 0.017688 seconds .

========================================================================
Received Import Request.
  Time since last request: 8.940500 seconds.
  path: Assets/Prefabs/Obstaculos.prefab
  artifactKey: Guid(610f0287eb15b674797844c380ea70ee) Importer(815301076,1909f56bfc062723c751e8b465ee728b)
Start importing Assets/Prefabs/Obstaculos.prefab using Guid(610f0287eb15b674797844c380ea70ee) Importer(815301076,1909f56bfc062723c751e8b465ee728b)  -> (artifact id: 'bc501eb30a46d3def53447b33c23315a') in 0.012659 seconds
  Import took 0.014704 seconds .

========================================================================
Received Import Request.
  Time since last request: 12.448251 seconds.
  path: Assets/Prefabs/Obstaculos.prefab
  artifactKey: Guid(610f0287eb15b674797844c380ea70ee) Importer(815301076,1909f56bfc062723c751e8b465ee728b)
Start importing Assets/Prefabs/Obstaculos.prefab using Guid(610f0287eb15b674797844c380ea70ee) Importer(815301076,1909f56bfc062723c751e8b465ee728b)  -> (artifact id: '85e8a57b3fa241c4e3980c51a1adbb76') in 0.013429 seconds
  Import took 0.015707 seconds .

========================================================================
Received Import Request.
  Time since last request: 124.949205 seconds.
  path: Assets/Material/Obstaculos.mat
  artifactKey: Guid(804a6532af2291145948b06f7a22d529) Importer(815301076,1909f56bfc062723c751e8b465ee728b)
Start importing Assets/Material/Obstaculos.mat using Guid(804a6532af2291145948b06f7a22d529) Importer(815301076,1909f56bfc062723c751e8b465ee728b)  -> (artifact id: 'a29ae00f0cb5ffcc4a113a2f014b9349') in 0.019768 seconds
  Import took 0.021958 seconds .

========================================================================
Received Import Request.
  Time since last request: 250.095004 seconds.
  path: Assets/Material/New Render Texture.renderTexture
  artifactKey: Guid(e83e21e2f20f03442b88d2d237451680) Importer(815301076,1909f56bfc062723c751e8b465ee728b)
Start importing Assets/Material/New Render Texture.renderTexture using Guid(e83e21e2f20f03442b88d2d237451680) Importer(815301076,1909f56bfc062723c751e8b465ee728b)  -> (artifact id: '079b58bfc74dd60d3025d12779e1f0dd') in 0.019582 seconds
  Import took 0.021796 seconds .

========================================================================
Received Import Request.
  Time since last request: 1.528261 seconds.
  path: Assets/Material/New Render Texture.renderTexture
  artifactKey: Guid(e83e21e2f20f03442b88d2d237451680) Importer(815301076,1909f56bfc062723c751e8b465ee728b)
Start importing Assets/Material/New Render Texture.renderTexture using Guid(e83e21e2f20f03442b88d2d237451680) Importer(815301076,1909f56bfc062723c751e8b465ee728b)  -> (artifact id: '079b58bfc74dd60d3025d12779e1f0dd') in 0.006655 seconds
  Import took 0.008561 seconds .

========================================================================
Received Prepare
Registering precompiled user dll's ...
Registered in 0.000855 seconds.
Begin MonoManager ReloadAssembly
Native extension for WindowsStandalone target not found
Refreshing native plugins compatible for Editor in 0.19 ms, found 0 plugins.
Preloading 0 native plugins for Editor in 0.00 ms.
Mono: successfully reloaded assembly
- Completed reload, in  0.729 seconds
Platform modules already initialized, skipping
Refreshing native plugins compatible for Editor in 0.19 ms, found 0 plugins.
Preloading 0 native plugins for Editor in 0.00 ms.
Unloading 1113 Unused Serialized files (Serialized files now loaded: 0)
System memory in use before: 60.8 MB.
System memory in use after: 60.9 MB.

Unloading 7 unused Assets to reduce memory usage. Loaded Objects now: 1609.
Total: 1.561400 ms (FindLiveObjects: 0.125100 ms CreateObjectMapping: 0.033900 ms MarkObjects: 1.351300 ms  DeleteObjects: 0.049600 ms)

========================================================================
Received Import Request.
  Time since last request: 249.677075 seconds.
  path: Assets/Material/Jugador.mat
  artifactKey: Guid(47ecaf1a91176ea4ba5a5906cb5828b1) Importer(815301076,1909f56bfc062723c751e8b465ee728b)
Start importing Assets/Material/Jugador.mat using Guid(47ecaf1a91176ea4ba5a5906cb5828b1) Importer(815301076,1909f56bfc062723c751e8b465ee728b)  -> (artifact id: 'f1016eb9a4db27e4a8988e3d41576b74') in 0.060352 seconds
  Import took 0.062411 seconds .

========================================================================
Received Import Request.
  Time since last request: 0.000286 seconds.
  path: Assets/Material/Obstaculos.mat
  artifactKey: Guid(804a6532af2291145948b06f7a22d529) Importer(815301076,1909f56bfc062723c751e8b465ee728b)
Start importing Assets/Material/Obstaculos.mat using Guid(804a6532af2291145948b06f7a22d529) Importer(815301076,1909f56bfc062723c751e8b465ee728b)  -> (artifact id: 'f9d7ed6cc77ad8e2375e71abf7099bb5') in 0.017164 seconds
  Import took 0.019088 seconds .

========================================================================
Received Prepare
Registering precompiled user dll's ...
Registered in 0.000734 seconds.
Begin MonoManager ReloadAssembly
Native extension for WindowsStandalone target not found
Refreshing native plugins compatible for Editor in 0.35 ms, found 0 plugins.
Preloading 0 native plugins for Editor in 0.00 ms.
Mono: successfully reloaded assembly
- Completed reload, in  0.727 seconds
Platform modules already initialized, skipping
Refreshing native plugins compatible for Editor in 0.22 ms, found 0 plugins.
Preloading 0 native plugins for Editor in 0.00 ms.
Unloading 1113 Unused Serialized files (Serialized files now loaded: 0)
System memory in use before: 60.8 MB.
System memory in use after: 60.9 MB.

Unloading 5 unused Assets to reduce memory usage. Loaded Objects now: 1613.
Total: 1.502600 ms (FindLiveObjects: 0.133200 ms CreateObjectMapping: 0.034100 ms MarkObjects: 1.284100 ms  DeleteObjects: 0.049300 ms)

========================================================================
Received Prepare
Refreshing native plugins compatible for Editor in 0.70 ms, found 0 plugins.
Preloading 0 native plugins for Editor in 0.00 ms.
Unloading 3 Unused Serialized files (Serialized files now loaded: 0)
System memory in use before: 38.8 MB.
System memory in use after: 38.9 MB.

Unloading 3 unused Assets to reduce memory usage. Loaded Objects now: 1613.
Total: 2.163400 ms (FindLiveObjects: 0.202200 ms CreateObjectMapping: 0.037400 ms MarkObjects: 1.870200 ms  DeleteObjects: 0.051500 ms)

AssetImportWorkerClient::OnTransportError - code=2 error=End of file
